Build started 2014-02-01 16:37:23.
     1>Project "C:\Users\Sailcloth\Documents\GitHub\SuitEmUp\1. Suit 'em up Game Development\SuitEmUp\SuitEmUp\SuitEmUp.vcxproj" on node 2 (Build target(s)).
     1>ClCompile:
         C:\Program Files (x86)\Microsoft Visual Studio 11.0\VC\bin\CL.exe /c /I"C:\cpp\SFML-2.1\include" /ZI /nologo /W3 /WX- /Od /Oy- /D WIN32 /D _DEBUG /D _CONSOLE /D _UNICODE /D UNICODE /Gm /EHsc /RTC1 /MDd /GS /fp:precise /Zc:wchar_t /Zc:forScope /Fo"Debug\\" /Fd"Debug\vc110.pdb" /Gd /TP /analyze- /errorReport:prompt "..\..\..\1. Suit 'em up Game Development\SuitEmUp\SuitEmUp\Spawner.cpp"
         Spawner.cpp
     1>c:\users\sailcloth\documents\github\suitemup\1. suit 'em up game development\suitemup\suitemup\bullet.h(5): error C2011: 'Bullet' : 'class' type redefinition
                 c:\users\sailcloth\documents\github\suitemup\1. suit 'em up game development\suitemup\suitemup\bullet.h(5) : see declaration of 'Bullet'
     1>c:\users\sailcloth\documents\github\suitemup\1. suit 'em up game development\suitemup\suitemup\playerbullet.h(8): error C2504: 'Bullet' : base class undefined
     1>c:\users\sailcloth\documents\github\suitemup\1. suit 'em up game development\suitemup\suitemup\enemybullet.h(8): error C2011: 'EnemyBullet' : 'class' type redefinition
                 c:\users\sailcloth\documents\github\suitemup\1. suit 'em up game development\suitemup\suitemup\enemybullet.h(8) : see declaration of 'EnemyBullet'
     1>c:\users\sailcloth\documents\github\suitemup\1. suit 'em up game development\suitemup\suitemup\playerbullet.h(8): error C2011: 'PlayerBullet' : 'class' type redefinition
                 c:\users\sailcloth\documents\github\suitemup\1. suit 'em up game development\suitemup\suitemup\playerbullet.h(8) : see declaration of 'PlayerBullet'
     1>c:\users\sailcloth\documents\github\suitemup\1. suit 'em up game development\suitemup\suitemup\spawner.cpp(29): error C2027: use of undefined type 'EnemyBullet'
                 c:\users\sailcloth\documents\github\suitemup\1. suit 'em up game development\suitemup\suitemup\enemybullet.h(8) : see declaration of 'EnemyBullet'
     1>c:\users\sailcloth\documents\github\suitemup\1. suit 'em up game development\suitemup\suitemup\spawner.cpp(29): error C2227: left of '->{ctor}' must point to class/struct/union/generic type
     1>c:\users\sailcloth\documents\github\suitemup\1. suit 'em up game development\suitemup\suitemup\spawner.cpp(34): error C2027: use of undefined type 'PlayerBullet'
                 c:\users\sailcloth\documents\github\suitemup\1. suit 'em up game development\suitemup\suitemup\playerbullet.h(8) : see declaration of 'PlayerBullet'
     1>c:\users\sailcloth\documents\github\suitemup\1. suit 'em up game development\suitemup\suitemup\spawner.cpp(34): error C2227: left of '->{ctor}' must point to class/struct/union/generic type
     1>Done Building Project "C:\Users\Sailcloth\Documents\GitHub\SuitEmUp\1. Suit 'em up Game Development\SuitEmUp\SuitEmUp\SuitEmUp.vcxproj" (Build target(s)) -- FAILED.

Build FAILED.

Time Elapsed 00:00:00.56
